<?xml version="1.0" encoding="UTF-8"?>
<!-- Generated by org.testng.reporters.JUnitReportReporter -->
<testsuite hostname="LAPTOP-5OMAT3QV" name="test.TESTActitimelogin" tests="1" failures="0" timestamp="11 Sep 2019 15:10:39 GMT" time="36.944" errors="0">
  <testcase name="login" time="36.944" classname="test.TESTActitimelogin"/>
</testsuite> <!-- test.TESTActitimelogin -->
