<?xml version="1.0" encoding="UTF-8"?>
<!-- Generated by org.testng.reporters.JUnitReportReporter -->
<testsuite hostname="LAPTOP-5OMAT3QV" name="test.TESTActitimeCustomer" tests="1" failures="0" timestamp="11 Sep 2019 15:10:39 GMT" time="54.967" errors="0">
  <testcase name="customer" time="54.967" classname="test.TESTActitimeCustomer"/>
</testsuite> <!-- test.TESTActitimeCustomer -->
