<?xml version="1.0" encoding="UTF-8"?>
<!-- Generated by org.testng.reporters.JUnitReportReporter -->
<testsuite hostname="LAPTOP-5OMAT3QV" name="test.TESTActitimeWork" tests="1" failures="0" timestamp="11 Sep 2019 15:10:39 GMT" time="58.035" errors="0">
  <testcase name="work" time="58.035" classname="test.TESTActitimeWork"/>
</testsuite> <!-- test.TESTActitimeWork -->
